<?xml version="1.0" encoding="UTF-8"?>
<!-- Generated by org.testng.reporters.JUnitReportReporter -->
<testsuite skipped="0" hostname="YUETIKUERAL30C9" name="com.pages.HomePage" tests="1" failures="0" timestamp="26 Dec 2019 18:39:13 GMT" time="10.954" errors="0">
  <testcase name="BCBSHomePage" time="10.954" classname="com.pages.HomePage"/>
</testsuite> <!-- com.pages.HomePage -->
