<?xml version="1.0" encoding="UTF-8"?>
<!-- Generated by org.testng.reporters.JUnitReportReporter -->
<testsuite skipped="0" hostname="YUETIKUERAL30C9" name="com.tests.ShopForInsuranceTest" tests="1" failures="0" timestamp="26 Dec 2019 18:47:50 GMT" time="12.344" errors="0">
  <testcase name="InsuranceShopTest" time="12.344" classname="com.tests.ShopForInsuranceTest"/>
</testsuite> <!-- com.tests.ShopForInsuranceTest -->
