<?xml version="1.0" encoding="UTF-8"?>
<!-- Generated by org.testng.reporters.JUnitReportReporter -->
<testsuite skipped="0" hostname="YUETIKUERAL30C9" name="com.Tests.ShopForInsurance" tests="1" failures="0" timestamp="30 Dec 2019 22:20:04 GMT" time="49.225" errors="0">
  <testcase name="InsuranceShopTest" time="49.225" classname="com.Tests.ShopForInsurance"/>
</testsuite> <!-- com.Tests.ShopForInsurance -->
